2023-09-21 15:07:01,363 INFO o.a.j.u.JMeterUtils: Setting Locale to en_EN
2023-09-21 15:07:01,381 INFO o.a.j.JMeter: Loading user properties from: /opt/homebrew/Cellar/jmeter/5.6/libexec/bin/user.properties
2023-09-21 15:07:01,381 INFO o.a.j.JMeter: Loading system properties from: /opt/homebrew/Cellar/jmeter/5.6/libexec/bin/system.properties
2023-09-21 15:07:01,385 INFO o.a.j.JMeter: Copyright (c) 1998-2023 The Apache Software Foundation
2023-09-21 15:07:01,385 INFO o.a.j.JMeter: Version 5.6
2023-09-21 15:07:01,385 INFO o.a.j.JMeter: java.version=17.0.7
2023-09-21 15:07:01,385 INFO o.a.j.JMeter: java.vm.name=OpenJDK 64-Bit Server VM
2023-09-21 15:07:01,385 INFO o.a.j.JMeter: os.name=Mac OS X
2023-09-21 15:07:01,385 INFO o.a.j.JMeter: os.arch=aarch64
2023-09-21 15:07:01,386 INFO o.a.j.JMeter: os.version=13.5.2
2023-09-21 15:07:01,386 INFO o.a.j.JMeter: file.encoding=UTF-8
2023-09-21 15:07:01,386 INFO o.a.j.JMeter: java.awt.headless=null
2023-09-21 15:07:01,386 INFO o.a.j.JMeter: Max memory     =1073741824
2023-09-21 15:07:01,386 INFO o.a.j.JMeter: Available Processors =10
2023-09-21 15:07:01,392 INFO o.a.j.JMeter: Default Locale=English (EN)
2023-09-21 15:07:01,392 INFO o.a.j.JMeter: JMeter  Locale=English (EN)
2023-09-21 15:07:01,392 INFO o.a.j.JMeter: JMeterHome=/opt/homebrew/Cellar/jmeter/5.6/libexec
2023-09-21 15:07:01,392 INFO o.a.j.JMeter: user.dir  =/Users/ben.aherne/Documents/GitHub/autometa/__integration__/jest-integration
2023-09-21 15:07:01,392 INFO o.a.j.JMeter: PWD       =/Users/ben.aherne/Documents/GitHub/autometa/__integration__/jest-integration
2023-09-21 15:07:01,393 INFO o.a.j.JMeter: IP: 192.168.0.192 Name: WRLT0576 FullName: 192.168.0.192
2023-09-21 15:07:01,401 INFO o.a.j.JMeter: Loaded icon properties from org/apache/jmeter/images/icon.properties
